Determining if the pthread_create exist failed with the following output:
Change Dir: /home/longyucheng/catkin_ws/build_isolated/ur_description/CMakeFiles/CMakeTmp

Run Build Command:/usr/bin/make "cmTryCompileExec834535612/fast"
/usr/bin/make -f CMakeFiles/cmTryCompileExec834535612.dir/build.make CMakeFiles/cmTryCompileExec834535612.dir/build
make[1]: 正在进入目录 `/home/longyucheng/catkin_ws/build_isolated/ur_description/CMakeFiles/CMakeTmp'
/usr/bin/cmake -E cmake_progress_report /home/longyucheng/catkin_ws/build_isolated/ur_description/CMakeFiles/CMakeTmp/CMakeFiles 1
Building C object CMakeFiles/cmTryCompileExec834535612.dir/CheckSymbolExists.c.o
/usr/bin/cc    -o CMakeFiles/cmTryCompileExec834535612.dir/CheckSymbolExists.c.o   -c /home/longyucheng/catkin_ws/build_isolated/ur_description/CMakeFiles/CMakeTmp/CheckSymbolExists.c
Linking C executable cmTryCompileExec834535612
/usr/bin/cmake -E cmake_link_script CMakeFiles/cmTryCompileExec834535612.dir/link.txt --verbose=1
/usr/bin/cc       CMakeFiles/cmTryCompileExec834535612.dir/CheckSymbolExists.c.o  -o cmTryCompileExec834535612 -rdynamic 
CMakeFiles/cmTryCompileExec834535612.dir/CheckSymbolExists.c.o：在函数‘main’中：
CheckSymbolExists.c:(.text+0x16)：对‘pthread_create’未定义的引用
collect2: error: ld returned 1 exit status
make[1]: *** [cmTryCompileExec834535612] 错误 1
make[1]:正在离开目录 `/home/longyucheng/catkin_ws/build_isolated/ur_description/CMakeFiles/CMakeTmp'
make: *** [cmTryCompileExec834535612/fast] 错误 2

File /home/longyucheng/catkin_ws/build_isolated/ur_description/CMakeFiles/CMakeTmp/CheckSymbolExists.c:
/* */
#include <pthread.h>

int main(int argc, char** argv)
{
  (void)argv;
#ifndef pthread_create
  return ((int*)(&pthread_create))[argc];
#else
  (void)argc;
  return 0;
#endif
}

Determining if the function pthread_create exists in the pthreads failed with the following output:
Change Dir: /home/longyucheng/catkin_ws/build_isolated/ur_description/CMakeFiles/CMakeTmp

Run Build Command:/usr/bin/make "cmTryCompileExec3242171789/fast"
/usr/bin/make -f CMakeFiles/cmTryCompileExec3242171789.dir/build.make CMakeFiles/cmTryCompileExec3242171789.dir/build
make[1]: 正在进入目录 `/home/longyucheng/catkin_ws/build_isolated/ur_description/CMakeFiles/CMakeTmp'
/usr/bin/cmake -E cmake_progress_report /home/longyucheng/catkin_ws/build_isolated/ur_description/CMakeFiles/CMakeTmp/CMakeFiles 1
Building C object CMakeFiles/cmTryCompileExec3242171789.dir/CheckFunctionExists.c.o
/usr/bin/cc   -DCHECK_FUNCTION_EXISTS=pthread_create   -o CMakeFiles/cmTryCompileExec3242171789.dir/CheckFunctionExists.c.o   -c /usr/share/cmake-2.8/Modules/CheckFunctionExists.c
Linking C executable cmTryCompileExec3242171789
/usr/bin/cmake -E cmake_link_script CMakeFiles/cmTryCompileExec3242171789.dir/link.txt --verbose=1
/usr/bin/cc   -DCHECK_FUNCTION_EXISTS=pthread_create    CMakeFiles/cmTryCompileExec3242171789.dir/CheckFunctionExists.c.o  -o cmTryCompileExec3242171789 -rdynamic -lpthreads 
/usr/bin/ld: 找不到 -lpthreads
collect2: error: ld returned 1 exit status
make[1]: *** [cmTryCompileExec3242171789] 错误 1
make[1]:正在离开目录 `/home/longyucheng/catkin_ws/build_isolated/ur_description/CMakeFiles/CMakeTmp'
make: *** [cmTryCompileExec3242171789/fast] 错误 2


